<?xml version="1.0" encoding="UTF-8"?>
<!-- Generated by org.testng.reporters.JUnitXMLReporter -->
<testsuite ignored="0" hostname="sko-automation-testing" failures="0" tests="1" name="Regression" time="0.28" errors="0" timestamp="2023-08-17T12:35:57 UTC">
  <testcase classname="com.seo.regression.testing.RegressionTesting" name="@BeforeTest setup" time="0.2">
    <failure type="java.lang.NoSuchMethodError" message="&amp;apos;java.lang.String org.openqa.selenium.remote.service.DriverFinder.getPath(org.openqa.selenium.remote.service.DriverService, org.openqa.selenium.Capabilities)&amp;apos;">
      <![CDATA[java.lang.NoSuchMethodError: 'java.lang.String org.openqa.selenium.remote.service.DriverFinder.getPath(org.openqa.selenium.remote.service.DriverService, org.openqa.selenium.Capabilities)'
at org.openqa.selenium.firefox.FirefoxDriver.generateExecutor(FirefoxDriver.java:139)
at org.openqa.selenium.firefox.FirefoxDriver.<init>(FirefoxDriver.java:131)
at org.openqa.selenium.firefox.FirefoxDriver.<init>(FirefoxDriver.java:127)
at org.openqa.selenium.firefox.FirefoxDriver.<init>(FirefoxDriver.java:112)
at org.openqa.selenium.firefox.FirefoxDriver.<init>(FirefoxDriver.java:102)
at com.seo.regression.testing.OpenWebsite.openDriver(OpenWebsite.java:35)
at com.seo.regression.testing.RegressionTesting.setup(RegressionTesting.java:43)
... Removed 24 stack frames]]>
    </failure>
  </testcase> <!-- @BeforeTest setup -->
  <testcase classname="com.seo.regression.testing.RegressionTesting" name="@AfterMethod afterMethod" time="-1.692275757937E9">
    <skipped/>
  </testcase> <!-- @AfterMethod afterMethod -->
  <testcase classname="com.seo.regression.testing.RegressionTesting" name="startTest" time="0.0">
    <skipped/>
  </testcase> <!-- startTest -->
</testsuite> <!-- Regression -->
